<?xml version="1.0" encoding="UTF-8"?>
<testng-results skipped="0" failed="0" ignored="0" total="1" passed="1">
  <reporter-output>
  </reporter-output>
  <suite name="Default suite" duration-ms="10049" started-at="2018-06-20T22:26:01Z" finished-at="2018-06-20T22:26:12Z">
    <groups>
    </groups>
    <test name="Default test" duration-ms="10049" started-at="2018-06-20T22:26:01Z" finished-at="2018-06-20T22:26:12Z">
      <class name="com.prestashop.tests.PositiveScenarios">
        <test-method status="PASS" signature="setUp()[pri:0, instance:com.prestashop.tests.PositiveScenarios@685cb137]" name="setUp" is-config="true" duration-ms="6486" started-at="2018-06-20T22:26:02Z" finished-at="2018-06-20T22:26:08Z">
          <reporter-output>
          </reporter-output>
        </test-method> <!-- setUp -->
        <test-method status="PASS" signature="loginClick()[pri:0, instance:com.prestashop.tests.PositiveScenarios@685cb137]" name="loginClick" duration-ms="3536" started-at="2018-06-20T22:26:08Z" finished-at="2018-06-20T22:26:12Z">
          <reporter-output>
          </reporter-output>
        </test-method> <!-- loginClick -->
      </class> <!-- com.prestashop.tests.PositiveScenarios -->
    </test> <!-- Default test -->
  </suite> <!-- Default suite -->
</testng-results>
